{"C:\\Users\\m.montembault\\Documents\\MDS\\test\\todo\\src\\controllers.js": {"path":"C:\\Users\\m.montembault\\Documents\\MDS\\test\\todo\\src\\controllers.js","statementMap":{"0":{"start":{"line":1,"column":29},"end":{"line":1,"column":47}},"1":{"start":{"line":6,"column":0},"end":{"line":13,"column":2}},"2":{"start":{"line":7,"column":33},"end":{"line":7,"column":41}},"3":{"start":{"line":8,"column":4},"end":{"line":8,"column":78}},"4":{"start":{"line":8,"column":16},"end":{"line":8,"column":78}},"5":{"start":{"line":10,"column":20},"end":{"line":10,"column":77}},"6":{"start":{"line":11,"column":4},"end":{"line":11,"column":24}},"7":{"start":{"line":12,"column":4},"end":{"line":12,"column":34}},"8":{"start":{"line":18,"column":0},"end":{"line":20,"column":2}},"9":{"start":{"line":19,"column":4},"end":{"line":19,"column":20}},"10":{"start":{"line":25,"column":0},"end":{"line":32,"column":2}},"11":{"start":{"line":26,"column":17},"end":{"line":26,"column":66}},"12":{"start":{"line":26,"column":33},"end":{"line":26,"column":65}},"13":{"start":{"line":27,"column":4},"end":{"line":27,"column":75}},"14":{"start":{"line":27,"column":15},"end":{"line":27,"column":75}},"15":{"start":{"line":29,"column":4},"end":{"line":29,"column":46}},"16":{"start":{"line":30,"column":4},"end":{"line":30,"column":92}},"17":{"start":{"line":31,"column":4},"end":{"line":31,"column":19}},"18":{"start":{"line":37,"column":0},"end":{"line":43,"column":2}},"19":{"start":{"line":38,"column":18},"end":{"line":38,"column":72}},"20":{"start":{"line":38,"column":39},"end":{"line":38,"column":71}},"21":{"start":{"line":39,"column":4},"end":{"line":39,"column":82}},"22":{"start":{"line":39,"column":22},"end":{"line":39,"column":82}},"23":{"start":{"line":41,"column":4},"end":{"line":41,"column":27}},"24":{"start":{"line":42,"column":4},"end":{"line":42,"column":55}}},"fnMap":{"0":{"name":"(anonymous_0)","decl":{"start":{"line":6,"column":21},"end":{"line":6,"column":22}},"loc":{"start":{"line":6,"column":35},"end":{"line":13,"column":1}},"line":6},"1":{"name":"(anonymous_1)","decl":{"start":{"line":18,"column":19},"end":{"line":18,"column":20}},"loc":{"start":{"line":18,"column":33},"end":{"line":20,"column":1}},"line":18},"2":{"name":"(anonymous_2)","decl":{"start":{"line":25,"column":21},"end":{"line":25,"column":22}},"loc":{"start":{"line":25,"column":35},"end":{"line":32,"column":1}},"line":25},"3":{"name":"(anonymous_3)","decl":{"start":{"line":26,"column":28},"end":{"line":26,"column":29}},"loc":{"start":{"line":26,"column":33},"end":{"line":26,"column":65}},"line":26},"4":{"name":"(anonymous_4)","decl":{"start":{"line":37,"column":21},"end":{"line":37,"column":22}},"loc":{"start":{"line":37,"column":35},"end":{"line":43,"column":1}},"line":37},"5":{"name":"(anonymous_5)","decl":{"start":{"line":38,"column":34},"end":{"line":38,"column":35}},"loc":{"start":{"line":38,"column":39},"end":{"line":38,"column":71}},"line":38}},"branchMap":{"0":{"loc":{"start":{"line":8,"column":4},"end":{"line":8,"column":78}},"type":"if","locations":[{"start":{"line":8,"column":4},"end":{"line":8,"column":78}},{"start":{},"end":{}}],"line":8},"1":{"loc":{"start":{"line":10,"column":57},"end":{"line":10,"column":75}},"type":"binary-expr","locations":[{"start":{"line":10,"column":57},"end":{"line":10,"column":66}},{"start":{"line":10,"column":70},"end":{"line":10,"column":75}}],"line":10},"2":{"loc":{"start":{"line":27,"column":4},"end":{"line":27,"column":75}},"type":"if","locations":[{"start":{"line":27,"column":4},"end":{"line":27,"column":75}},{"start":{},"end":{}}],"line":27},"3":{"loc":{"start":{"line":29,"column":17},"end":{"line":29,"column":45}},"type":"binary-expr","locations":[{"start":{"line":29,"column":17},"end":{"line":29,"column":31}},{"start":{"line":29,"column":35},"end":{"line":29,"column":45}}],"line":29},"4":{"loc":{"start":{"line":30,"column":21},"end":{"line":30,"column":91}},"type":"cond-expr","locations":[{"start":{"line":30,"column":56},"end":{"line":30,"column":74}},{"start":{"line":30,"column":77},"end":{"line":30,"column":91}}],"line":30},"5":{"loc":{"start":{"line":39,"column":4},"end":{"line":39,"column":82}},"type":"if","locations":[{"start":{"line":39,"column":4},"end":{"line":39,"column":82}},{"start":{},"end":{}}],"line":39}},"s":{"0":1,"1":1,"2":1,"3":1,"4":0,"5":1,"6":1,"7":1,"8":1,"9":1,"10":1,"11":0,"12":0,"13":0,"14":0,"15":0,"16":0,"17":0,"18":1,"19":0,"20":0,"21":0,"22":0,"23":0,"24":0},"f":{"0":1,"1":1,"2":0,"3":0,"4":0,"5":0},"b":{"0":[0,1],"1":[1,1],"2":[0,0],"3":[0,0],"4":[0,0],"5":[0,0]},"_coverageSchema":"1a1c01bbd47fc00a2c39e90264f33305004495a9","hash":"89d6a2ebc3b3dca0384976ca10a54b9739980ebf"}
,"C:\\Users\\m.montembault\\Documents\\MDS\\test\\todo\\src\\routes.js": {"path":"C:\\Users\\m.montembault\\Documents\\MDS\\test\\todo\\src\\routes.js","statementMap":{"0":{"start":{"line":1,"column":16},"end":{"line":1,"column":34}},"1":{"start":{"line":2,"column":15},"end":{"line":2,"column":31}},"2":{"start":{"line":3,"column":20},"end":{"line":3,"column":44}},"3":{"start":{"line":5,"column":0},"end":{"line":5,"column":46}},"4":{"start":{"line":6,"column":0},"end":{"line":6,"column":43}},"5":{"start":{"line":7,"column":0},"end":{"line":7,"column":49}},"6":{"start":{"line":8,"column":0},"end":{"line":8,"column":52}},"7":{"start":{"line":10,"column":0},"end":{"line":10,"column":24}}},"fnMap":{},"branchMap":{},"s":{"0":1,"1":1,"2":1,"3":1,"4":1,"5":1,"6":1,"7":1},"f":{},"b":{},"_coverageSchema":"1a1c01bbd47fc00a2c39e90264f33305004495a9","hash":"62dc0543c721dede2f1372fc8baa3bf32f6b488c"}
,"C:\\Users\\m.montembault\\Documents\\MDS\\test\\todo\\src\\tasks.js": {"path":"C:\\Users\\m.montembault\\Documents\\MDS\\test\\todo\\src\\tasks.js","statementMap":{"0":{"start":{"line":1,"column":12},"end":{"line":1,"column":14}},"1":{"start":{"line":2,"column":16},"end":{"line":2,"column":17}},"2":{"start":{"line":4,"column":0},"end":{"line":7,"column":2}},"3":{"start":{"line":6,"column":21},"end":{"line":6,"column":32}}},"fnMap":{"0":{"name":"(anonymous_0)","decl":{"start":{"line":6,"column":15},"end":{"line":6,"column":16}},"loc":{"start":{"line":6,"column":21},"end":{"line":6,"column":32}},"line":6}},"branchMap":{},"s":{"0":1,"1":1,"2":1,"3":1},"f":{"0":1},"b":{},"_coverageSchema":"1a1c01bbd47fc00a2c39e90264f33305004495a9","hash":"95f586bc045bfd279ae6a3e4c6c6ea018ea7294b"}
}
